Sun Aug 11 12:40:38 BDT 2019 : Apache Derby Network Server - 10.11.1.2 - (1629631) started and ready to accept connections on port 1527
----------------------------------------------------------------
Sun Aug 11 12:40:39 BDT 2019:
Booting Derby version The Apache Software Foundation - Apache Derby - 10.11.1.2 - (1629631): instance a816c00e-016c-7f68-519e-000020178024 
on database directory E:\Java Lab\DB\QuizDB with class loader sun.misc.Launcher$AppClassLoader@6f94fa3e 
Loaded from file:/C:/Program%20Files/Java/jdk1.8.0_111/db/lib/derby.jar
java.vendor=Oracle Corporation
java.runtime.version=1.8.0_111-b14
user.dir=C:\Program Files\Java\jdk1.8.0_111\db
os.name=Windows 10
os.arch=amd64
os.version=10.0
derby.system.home=E:\Java Lab\DB
Database Class Loader started - derby.database.classpath=''
----------------------------------------------------------------
Sun Aug 11 12:44:58 BDT 2019: Shutting down Derby engine
----------------------------------------------------------------
Sun Aug 11 12:44:58 BDT 2019:
Shutting down instance a816c00e-016c-7f68-519e-000020178024 on database directory E:\Java Lab\DB\QuizDB with class loader sun.misc.Launcher$AppClassLoader@6f94fa3e 
----------------------------------------------------------------
